<?xml version="1.0" encoding="UTF-8"?>
<coverage generated="1739090870921" clover="3.2.0">
  <project timestamp="1739090870921" name="All files">
    <metrics statements="46" coveredstatements="37" conditionals="48" coveredconditionals="33" methods="16" coveredmethods="9" elements="110" coveredelements="79" complexity="0" loc="46" ncloc="46" packages="7" files="7" classes="7"/>
    <package name="components.Footer">
      <metrics statements="10" coveredstatements="7" conditionals="12" coveredconditionals="5" methods="5" coveredmethods="1"/>
      <file name="Footer.js" path="/Users/zaquielrodriguezarce/Desktop/github/curriculumVitae/src/components/Footer/Footer.js">
        <metrics statements="10" coveredstatements="7" conditionals="12" coveredconditionals="5" methods="5" coveredmethods="1"/>
        <line num="6" count="2" type="stmt"/>
        <line num="7" count="2" type="stmt"/>
        <line num="8" count="2" type="cond" truecount="1" falsecount="1"/>
        <line num="9" count="2" type="stmt"/>
        <line num="10" count="2" type="stmt"/>
        <line num="11" count="2" type="stmt"/>
        <line num="12" count="0" type="cond" truecount="0" falsecount="2"/>
        <line num="13" count="0" type="stmt"/>
        <line num="15" count="0" type="stmt"/>
        <line num="17" count="2" type="cond" truecount="4" falsecount="4"/>
      </file>
    </package>
    <package name="components.Header">
      <metrics statements="4" coveredstatements="4" conditionals="0" coveredconditionals="0" methods="1" coveredmethods="1"/>
      <file name="Header.js" path="/Users/zaquielrodriguezarce/Desktop/github/curriculumVitae/src/components/Header/Header.js">
        <metrics statements="4" coveredstatements="4" conditionals="0" coveredconditionals="0" methods="1" coveredmethods="1"/>
        <line num="7" count="2" type="stmt"/>
        <line num="8" count="2" type="stmt"/>
        <line num="9" count="2" type="stmt"/>
        <line num="10" count="2" type="stmt"/>
      </file>
    </package>
    <package name="components.Section">
      <metrics statements="5" coveredstatements="5" conditionals="9" coveredconditionals="5" methods="2" coveredmethods="2"/>
      <file name="Section.js" path="/Users/zaquielrodriguezarce/Desktop/github/curriculumVitae/src/components/Section/Section.js">
        <metrics statements="5" coveredstatements="5" conditionals="9" coveredconditionals="5" methods="2" coveredmethods="2"/>
        <line num="6" count="2" type="cond" truecount="0" falsecount="1"/>
        <line num="7" count="14" type="stmt"/>
        <line num="8" count="14" type="stmt"/>
        <line num="9" count="14" type="stmt"/>
        <line num="10" count="56" type="cond" truecount="5" falsecount="3"/>
      </file>
    </package>
    <package name="components.Text">
      <metrics statements="8" coveredstatements="8" conditionals="21" coveredconditionals="18" methods="1" coveredmethods="1"/>
      <file name="Text.js" path="/Users/zaquielrodriguezarce/Desktop/github/curriculumVitae/src/components/Text/Text.js">
        <metrics statements="8" coveredstatements="8" conditionals="21" coveredconditionals="18" methods="1" coveredmethods="1"/>
        <line num="6" count="2" type="cond" truecount="0" falsecount="2"/>
        <line num="7" count="80" type="stmt"/>
        <line num="8" count="80" type="stmt"/>
        <line num="9" count="80" type="cond" truecount="2" falsecount="0"/>
        <line num="10" count="80" type="cond" truecount="2" falsecount="0"/>
        <line num="13" count="80" type="cond" truecount="2" falsecount="0"/>
        <line num="14" count="80" type="stmt"/>
        <line num="15" count="80" type="cond" truecount="11" falsecount="0"/>
      </file>
    </package>
    <package name="pages">
      <metrics statements="9" coveredstatements="9" conditionals="4" coveredconditionals="3" methods="3" coveredmethods="2"/>
      <file name="Dashboard.js" path="/Users/zaquielrodriguezarce/Desktop/github/curriculumVitae/src/pages/Dashboard.js">
        <metrics statements="9" coveredstatements="9" conditionals="4" coveredconditionals="3" methods="3" coveredmethods="2"/>
        <line num="8" count="2" type="stmt"/>
        <line num="9" count="4" type="stmt"/>
        <line num="11" count="2" type="stmt"/>
        <line num="13" count="2" type="stmt"/>
        <line num="18" count="2" type="cond" truecount="1" falsecount="1"/>
        <line num="19" count="16" type="cond" truecount="2" falsecount="0"/>
        <line num="20" count="2" type="stmt"/>
        <line num="21" count="14" type="stmt"/>
        <line num="25" count="2" type="stmt"/>
      </file>
    </package>
    <package name="providers">
      <metrics statements="9" coveredstatements="3" conditionals="0" coveredconditionals="0" methods="3" coveredmethods="1"/>
      <file name="useThemeProvider.js" path="/Users/zaquielrodriguezarce/Desktop/github/curriculumVitae/src/providers/useThemeProvider.js">
        <metrics statements="9" coveredstatements="3" conditionals="0" coveredconditionals="0" methods="3" coveredmethods="1"/>
        <line num="3" count="2" type="stmt"/>
        <line num="4" count="102" type="stmt"/>
        <line num="5" count="2" type="stmt"/>
        <line num="6" count="0" type="stmt"/>
        <line num="7" count="0" type="stmt"/>
        <line num="8" count="0" type="stmt"/>
        <line num="9" count="0" type="stmt"/>
        <line num="11" count="0" type="stmt"/>
        <line num="17" count="0" type="stmt"/>
      </file>
    </package>
    <package name="utils">
      <metrics statements="1" coveredstatements="1" conditionals="2" coveredconditionals="2" methods="1" coveredmethods="1"/>
      <file name="theme.js" path="/Users/zaquielrodriguezarce/Desktop/github/curriculumVitae/src/utils/theme.js">
        <metrics statements="1" coveredstatements="1" conditionals="2" coveredconditionals="2" methods="1" coveredmethods="1"/>
        <line num="1" count="22" type="cond" truecount="2" falsecount="0"/>
      </file>
    </package>
  </project>
</coverage>
