{"/Users/zaquielrodriguezarce/Desktop/github/curriculumVitae/src/components/Footer/Footer.js": {"path":"/Users/zaquielrodriguezarce/Desktop/github/curriculumVitae/src/components/Footer/Footer.js","statementMap":{"0":{"start":{"line":6,"column":15},"end":{"line":18,"column":1}},"1":{"start":{"line":7,"column":61},"end":{"line":7,"column":79}},"2":{"start":{"line":8,"column":26},"end":{"line":8,"column":72}},"3":{"start":{"line":9,"column":26},"end":{"line":9,"column":49}},"4":{"start":{"line":10,"column":23},"end":{"line":10,"column":87}},"5":{"start":{"line":11,"column":30},"end":{"line":16,"column":5}},"6":{"start":{"line":12,"column":8},"end":{"line":15,"column":44}},"7":{"start":{"line":13,"column":12},"end":{"line":13,"column":38}},"8":{"start":{"line":15,"column":12},"end":{"line":15,"column":44}},"9":{"start":{"line":17,"column":4},"end":{"line":17,"column":881}},"10":{"start":{"line":17,"column":351},"end":{"line":17,"column":376}},"11":{"start":{"line":17,"column":517},"end":{"line":17,"column":540}},"12":{"start":{"line":17,"column":843},"end":{"line":17,"column":869}}},"fnMap":{"0":{"name":"(anonymous_0)","decl":{"start":{"line":6,"column":15},"end":{"line":6,"column":16}},"loc":{"start":{"line":6,"column":21},"end":{"line":18,"column":1}},"line":6},"1":{"name":"(anonymous_1)","decl":{"start":{"line":11,"column":30},"end":{"line":11,"column":31}},"loc":{"start":{"line":11,"column":51},"end":{"line":16,"column":5}},"line":11},"2":{"name":"(anonymous_2)","decl":{"start":{"line":17,"column":345},"end":{"line":17,"column":346}},"loc":{"start":{"line":17,"column":351},"end":{"line":17,"column":376}},"line":17},"3":{"name":"(anonymous_3)","decl":{"start":{"line":17,"column":511},"end":{"line":17,"column":512}},"loc":{"start":{"line":17,"column":517},"end":{"line":17,"column":540}},"line":17},"4":{"name":"(anonymous_4)","decl":{"start":{"line":17,"column":837},"end":{"line":17,"column":838}},"loc":{"start":{"line":17,"column":843},"end":{"line":17,"column":869}},"line":17}},"branchMap":{"0":{"loc":{"start":{"line":8,"column":26},"end":{"line":8,"column":72}},"type":"cond-expr","locations":[{"start":{"line":8,"column":46},"end":{"line":8,"column":57}},{"start":{"line":8,"column":60},"end":{"line":8,"column":72}}],"line":8},"1":{"loc":{"start":{"line":12,"column":8},"end":{"line":15,"column":44}},"type":"if","locations":[{"start":{"line":12,"column":8},"end":{"line":15,"column":44}},{"start":{"line":15,"column":12},"end":{"line":15,"column":44}}],"line":12},"2":{"loc":{"start":{"line":17,"column":109},"end":{"line":17,"column":148}},"type":"binary-expr","locations":[{"start":{"line":17,"column":109},"end":{"line":17,"column":131}},{"start":{"line":17,"column":135},"end":{"line":17,"column":148}}],"line":17},"3":{"loc":{"start":{"line":17,"column":211},"end":{"line":17,"column":261}},"type":"cond-expr","locations":[{"start":{"line":17,"column":236},"end":{"line":17,"column":249}},{"start":{"line":17,"column":252},"end":{"line":17,"column":261}}],"line":17},"4":{"loc":{"start":{"line":17,"column":598},"end":{"line":17,"column":638}},"type":"binary-expr","locations":[{"start":{"line":17,"column":598},"end":{"line":17,"column":621}},{"start":{"line":17,"column":625},"end":{"line":17,"column":638}}],"line":17},"5":{"loc":{"start":{"line":17,"column":702},"end":{"line":17,"column":753}},"type":"cond-expr","locations":[{"start":{"line":17,"column":728},"end":{"line":17,"column":741}},{"start":{"line":17,"column":744},"end":{"line":17,"column":753}}],"line":17}},"s":{"0":2,"1":2,"2":2,"3":2,"4":2,"5":2,"6":0,"7":0,"8":0,"9":2,"10":0,"11":0,"12":0},"f":{"0":2,"1":0,"2":0,"3":0,"4":0},"b":{"0":[0,2],"1":[0,0],"2":[2,0],"3":[0,2],"4":[2,0],"5":[0,2]},"_coverageSchema":"1a1c01bbd47fc00a2c39e90264f33305004495a9","hash":"04ebe0628fe43db5f4d12f8e9edae4d763290b13"}
,"/Users/zaquielrodriguezarce/Desktop/github/curriculumVitae/src/components/Header/Header.js": {"path":"/Users/zaquielrodriguezarce/Desktop/github/curriculumVitae/src/components/Header/Header.js","statementMap":{"0":{"start":{"line":7,"column":15},"end":{"line":11,"column":1}},"1":{"start":{"line":8,"column":22},"end":{"line":8,"column":40}},"2":{"start":{"line":9,"column":26},"end":{"line":9,"column":49}},"3":{"start":{"line":10,"column":4},"end":{"line":10,"column":418}}},"fnMap":{"0":{"name":"(anonymous_0)","decl":{"start":{"line":7,"column":15},"end":{"line":7,"column":16}},"loc":{"start":{"line":7,"column":39},"end":{"line":11,"column":1}},"line":7}},"branchMap":{},"s":{"0":2,"1":2,"2":2,"3":2},"f":{"0":2},"b":{},"_coverageSchema":"1a1c01bbd47fc00a2c39e90264f33305004495a9","hash":"37b37101cad4780aa4735658a530d01014a2a922"}
,"/Users/zaquielrodriguezarce/Desktop/github/curriculumVitae/src/components/Section/Section.js": {"path":"/Users/zaquielrodriguezarce/Desktop/github/curriculumVitae/src/components/Section/Section.js","statementMap":{"0":{"start":{"line":6,"column":16},"end":{"line":11,"column":1}},"1":{"start":{"line":7,"column":35},"end":{"line":7,"column":53}},"2":{"start":{"line":8,"column":26},"end":{"line":8,"column":49}},"3":{"start":{"line":9,"column":29},"end":{"line":9,"column":49}},"4":{"start":{"line":10,"column":4},"end":{"line":10,"column":461}},"5":{"start":{"line":10,"column":286},"end":{"line":10,"column":450}}},"fnMap":{"0":{"name":"(anonymous_0)","decl":{"start":{"line":6,"column":16},"end":{"line":6,"column":17}},"loc":{"start":{"line":6,"column":48},"end":{"line":11,"column":1}},"line":6},"1":{"name":"(anonymous_1)","decl":{"start":{"line":10,"column":271},"end":{"line":10,"column":272}},"loc":{"start":{"line":10,"column":286},"end":{"line":10,"column":450}},"line":10}},"branchMap":{"0":{"loc":{"start":{"line":6,"column":26},"end":{"line":6,"column":35}},"type":"default-arg","locations":[{"start":{"line":6,"column":33},"end":{"line":6,"column":35}}],"line":6},"1":{"loc":{"start":{"line":10,"column":56},"end":{"line":10,"column":89}},"type":"binary-expr","locations":[{"start":{"line":10,"column":56},"end":{"line":10,"column":72}},{"start":{"line":10,"column":76},"end":{"line":10,"column":89}}],"line":10},"2":{"loc":{"start":{"line":10,"column":162},"end":{"line":10,"column":206}},"type":"cond-expr","locations":[{"start":{"line":10,"column":181},"end":{"line":10,"column":194}},{"start":{"line":10,"column":197},"end":{"line":10,"column":206}}],"line":10},"3":{"loc":{"start":{"line":10,"column":342},"end":{"line":10,"column":366}},"type":"binary-expr","locations":[{"start":{"line":10,"column":342},"end":{"line":10,"column":356}},{"start":{"line":10,"column":360},"end":{"line":10,"column":366}}],"line":10},"4":{"loc":{"start":{"line":10,"column":385},"end":{"line":10,"column":429}},"type":"cond-expr","locations":[{"start":{"line":10,"column":404},"end":{"line":10,"column":417}},{"start":{"line":10,"column":420},"end":{"line":10,"column":429}}],"line":10}},"s":{"0":2,"1":14,"2":14,"3":14,"4":14,"5":56},"f":{"0":14,"1":56},"b":{"0":[0],"1":[14,0],"2":[0,14],"3":[56,40],"4":[0,56]},"_coverageSchema":"1a1c01bbd47fc00a2c39e90264f33305004495a9","hash":"63be92c6ed10417a28f4182f890131a9d39b4c6b"}
,"/Users/zaquielrodriguezarce/Desktop/github/curriculumVitae/src/components/Text/Text.js": {"path":"/Users/zaquielrodriguezarce/Desktop/github/curriculumVitae/src/components/Text/Text.js","statementMap":{"0":{"start":{"line":6,"column":13},"end":{"line":16,"column":1}},"1":{"start":{"line":7,"column":22},"end":{"line":7,"column":40}},"2":{"start":{"line":8,"column":4},"end":{"line":8,"column":32}},"3":{"start":{"line":9,"column":29},"end":{"line":9,"column":53}},"4":{"start":{"line":10,"column":32},"end":{"line":12,"column":15}},"5":{"start":{"line":13,"column":24},"end":{"line":13,"column":61}},"6":{"start":{"line":14,"column":4},"end":{"line":14,"column":20}},"7":{"start":{"line":15,"column":4},"end":{"line":15,"column":572}}},"fnMap":{"0":{"name":"(anonymous_0)","decl":{"start":{"line":6,"column":13},"end":{"line":6,"column":14}},"loc":{"start":{"line":6,"column":124},"end":{"line":16,"column":1}},"line":6}},"branchMap":{"0":{"loc":{"start":{"line":6,"column":24},"end":{"line":6,"column":37}},"type":"default-arg","locations":[{"start":{"line":6,"column":31},"end":{"line":6,"column":37}}],"line":6},"1":{"loc":{"start":{"line":6,"column":39},"end":{"line":6,"column":48}},"type":"default-arg","locations":[{"start":{"line":6,"column":46},"end":{"line":6,"column":48}}],"line":6},"2":{"loc":{"start":{"line":9,"column":29},"end":{"line":9,"column":53}},"type":"binary-expr","locations":[{"start":{"line":9,"column":29},"end":{"line":9,"column":44}},{"start":{"line":9,"column":48},"end":{"line":9,"column":53}}],"line":9},"3":{"loc":{"start":{"line":10,"column":32},"end":{"line":12,"column":15}},"type":"cond-expr","locations":[{"start":{"line":11,"column":10},"end":{"line":11,"column":52}},{"start":{"line":12,"column":10},"end":{"line":12,"column":15}}],"line":10},"4":{"loc":{"start":{"line":11,"column":27},"end":{"line":11,"column":51}},"type":"binary-expr","locations":[{"start":{"line":11,"column":27},"end":{"line":11,"column":42}},{"start":{"line":11,"column":46},"end":{"line":11,"column":51}}],"line":11},"5":{"loc":{"start":{"line":13,"column":24},"end":{"line":13,"column":61}},"type":"binary-expr","locations":[{"start":{"line":13,"column":24},"end":{"line":13,"column":40}},{"start":{"line":13,"column":44},"end":{"line":13,"column":61}}],"line":13},"6":{"loc":{"start":{"line":15,"column":46},"end":{"line":15,"column":77}},"type":"binary-expr","locations":[{"start":{"line":15,"column":46},"end":{"line":15,"column":57}},{"start":{"line":15,"column":61},"end":{"line":15,"column":77}}],"line":15},"7":{"loc":{"start":{"line":15,"column":97},"end":{"line":15,"column":128}},"type":"binary-expr","locations":[{"start":{"line":15,"column":97},"end":{"line":15,"column":113}},{"start":{"line":15,"column":117},"end":{"line":15,"column":128}}],"line":15},"8":{"loc":{"start":{"line":15,"column":178},"end":{"line":15,"column":290}},"type":"binary-expr","locations":[{"start":{"line":15,"column":178},"end":{"line":15,"column":184}},{"start":{"line":15,"column":189},"end":{"line":15,"column":289}}],"line":15},"9":{"loc":{"start":{"line":15,"column":364},"end":{"line":15,"column":418}},"type":"binary-expr","locations":[{"start":{"line":15,"column":364},"end":{"line":15,"column":375}},{"start":{"line":15,"column":379},"end":{"line":15,"column":418}}],"line":15},"10":{"loc":{"start":{"line":15,"column":440},"end":{"line":15,"column":566}},"type":"binary-expr","locations":[{"start":{"line":15,"column":440},"end":{"line":15,"column":451}},{"start":{"line":15,"column":455},"end":{"line":15,"column":486}},{"start":{"line":15,"column":491},"end":{"line":15,"column":565}}],"line":15}},"s":{"0":2,"1":80,"2":80,"3":80,"4":80,"5":80,"6":80,"7":80},"f":{"0":80},"b":{"0":[0],"1":[0],"2":[80,76],"3":[4,76],"4":[4,0],"5":[80,66],"6":[80,20],"7":[80,6],"8":[80,6],"9":[80,20],"10":[80,20,14]},"_coverageSchema":"1a1c01bbd47fc00a2c39e90264f33305004495a9","hash":"35231f2cc178851a6b001a2203dda6f4ae0e8791"}
,"/Users/zaquielrodriguezarce/Desktop/github/curriculumVitae/src/pages/Dashboard.js": {"path":"/Users/zaquielrodriguezarce/Desktop/github/curriculumVitae/src/pages/Dashboard.js","statementMap":{"0":{"start":{"line":8,"column":18},"end":{"line":23,"column":1}},"1":{"start":{"line":9,"column":22},"end":{"line":9,"column":40}},"2":{"start":{"line":11,"column":33},"end":{"line":11,"column":41}},"3":{"start":{"line":13,"column":30},"end":{"line":17,"column":6}},"4":{"start":{"line":18,"column":4},"end":{"line":22,"column":55}},"5":{"start":{"line":19,"column":20},"end":{"line":20,"column":59}},"6":{"start":{"line":20,"column":24},"end":{"line":20,"column":59}},"7":{"start":{"line":21,"column":20},"end":{"line":21,"column":136}},"8":{"start":{"line":25,"column":29},"end":{"line":25,"column":75}},"9":{"start":{"line":25,"column":35},"end":{"line":25,"column":75}}},"fnMap":{"0":{"name":"(anonymous_0)","decl":{"start":{"line":8,"column":18},"end":{"line":8,"column":19}},"loc":{"start":{"line":8,"column":24},"end":{"line":23,"column":1}},"line":8},"1":{"name":"(anonymous_1)","decl":{"start":{"line":18,"column":157},"end":{"line":18,"column":158}},"loc":{"start":{"line":18,"column":170},"end":{"line":22,"column":17}},"line":18},"2":{"name":"(anonymous_2)","decl":{"start":{"line":25,"column":29},"end":{"line":25,"column":30}},"loc":{"start":{"line":25,"column":35},"end":{"line":25,"column":75}},"line":25}},"branchMap":{"0":{"loc":{"start":{"line":18,"column":128},"end":{"line":18,"column":151}},"type":"binary-expr","locations":[{"start":{"line":18,"column":128},"end":{"line":18,"column":145}},{"start":{"line":18,"column":149},"end":{"line":18,"column":151}}],"line":18},"1":{"loc":{"start":{"line":19,"column":20},"end":{"line":20,"column":59}},"type":"if","locations":[{"start":{"line":19,"column":20},"end":{"line":20,"column":59}},{"start":{},"end":{}}],"line":19}},"s":{"0":2,"1":4,"2":2,"3":2,"4":2,"5":16,"6":2,"7":14,"8":2,"9":0},"f":{"0":4,"1":16,"2":0},"b":{"0":[2,0],"1":[2,14]},"_coverageSchema":"1a1c01bbd47fc00a2c39e90264f33305004495a9","hash":"df10e3099774444f6b8660ec03a6511d7ebcabe3"}
,"/Users/zaquielrodriguezarce/Desktop/github/curriculumVitae/src/providers/useThemeProvider.js": {"path":"/Users/zaquielrodriguezarce/Desktop/github/curriculumVitae/src/providers/useThemeProvider.js","statementMap":{"0":{"start":{"line":3,"column":21},"end":{"line":3,"column":38}},"1":{"start":{"line":4,"column":17},"end":{"line":4,"column":47}},"2":{"start":{"line":4,"column":23},"end":{"line":4,"column":47}},"3":{"start":{"line":5,"column":22},"end":{"line":18,"column":1}},"4":{"start":{"line":6,"column":30},"end":{"line":6,"column":46}},"5":{"start":{"line":7,"column":42},"end":{"line":7,"column":59}},"6":{"start":{"line":8,"column":24},"end":{"line":10,"column":5}},"7":{"start":{"line":9,"column":8},"end":{"line":9,"column":27}},"8":{"start":{"line":11,"column":23},"end":{"line":16,"column":5}},"9":{"start":{"line":17,"column":4},"end":{"line":17,"column":84}}},"fnMap":{"0":{"name":"(anonymous_0)","decl":{"start":{"line":4,"column":17},"end":{"line":4,"column":18}},"loc":{"start":{"line":4,"column":23},"end":{"line":4,"column":47}},"line":4},"1":{"name":"(anonymous_1)","decl":{"start":{"line":5,"column":22},"end":{"line":5,"column":23}},"loc":{"start":{"line":5,"column":40},"end":{"line":18,"column":1}},"line":5},"2":{"name":"(anonymous_2)","decl":{"start":{"line":8,"column":24},"end":{"line":8,"column":25}},"loc":{"start":{"line":8,"column":38},"end":{"line":10,"column":5}},"line":8}},"branchMap":{},"s":{"0":2,"1":2,"2":102,"3":2,"4":0,"5":0,"6":0,"7":0,"8":0,"9":0},"f":{"0":102,"1":0,"2":0},"b":{},"_coverageSchema":"1a1c01bbd47fc00a2c39e90264f33305004495a9","hash":"612d542db64b1043594461ff1b01713b5d5fc4bf"}
,"/Users/zaquielrodriguezarce/Desktop/github/curriculumVitae/src/utils/theme.js": {"path":"/Users/zaquielrodriguezarce/Desktop/github/curriculumVitae/src/utils/theme.js","statementMap":{"0":{"start":{"line":1,"column":32},"end":{"line":1,"column":78}},"1":{"start":{"line":1,"column":43},"end":{"line":1,"column":78}}},"fnMap":{"0":{"name":"(anonymous_0)","decl":{"start":{"line":1,"column":32},"end":{"line":1,"column":33}},"loc":{"start":{"line":1,"column":43},"end":{"line":1,"column":78}},"line":1}},"branchMap":{"0":{"loc":{"start":{"line":1,"column":43},"end":{"line":1,"column":78}},"type":"cond-expr","locations":[{"start":{"line":1,"column":62},"end":{"line":1,"column":69}},{"start":{"line":1,"column":72},"end":{"line":1,"column":78}}],"line":1}},"s":{"0":2,"1":22},"f":{"0":22},"b":{"0":[4,18]},"_coverageSchema":"1a1c01bbd47fc00a2c39e90264f33305004495a9","hash":"0e048ce94650805fb86e2485ea277b56d11ed5d3"}
}
