TN:
SF:src/components/Footer/Footer.js
FN:6,(anonymous_0)
FN:11,(anonymous_1)
FN:17,(anonymous_2)
FN:17,(anonymous_3)
FN:17,(anonymous_4)
FNF:5
FNH:1
FNDA:2,(anonymous_0)
FNDA:0,(anonymous_1)
FNDA:0,(anonymous_2)
FNDA:0,(anonymous_3)
FNDA:0,(anonymous_4)
DA:6,2
DA:7,2
DA:8,2
DA:9,2
DA:10,2
DA:11,2
DA:12,0
DA:13,0
DA:15,0
DA:17,2
LF:10
LH:7
BRDA:8,0,0,0
BRDA:8,0,1,2
BRDA:12,1,0,0
BRDA:12,1,1,0
BRDA:17,2,0,2
BRDA:17,2,1,0
BRDA:17,3,0,0
BRDA:17,3,1,2
BRDA:17,4,0,2
BRDA:17,4,1,0
BRDA:17,5,0,0
BRDA:17,5,1,2
BRF:12
BRH:5
end_of_record
TN:
SF:src/components/Header/Header.js
FN:7,(anonymous_0)
FNF:1
FNH:1
FNDA:2,(anonymous_0)
DA:7,2
DA:8,2
DA:9,2
DA:10,2
LF:4
LH:4
BRF:0
BRH:0
end_of_record
TN:
SF:src/components/Section/Section.js
FN:6,(anonymous_0)
FN:10,(anonymous_1)
FNF:2
FNH:2
FNDA:14,(anonymous_0)
FNDA:56,(anonymous_1)
DA:6,2
DA:7,14
DA:8,14
DA:9,14
DA:10,56
LF:5
LH:5
BRDA:6,0,0,0
BRDA:10,1,0,14
BRDA:10,1,1,0
BRDA:10,2,0,0
BRDA:10,2,1,14
BRDA:10,3,0,56
BRDA:10,3,1,40
BRDA:10,4,0,0
BRDA:10,4,1,56
BRF:9
BRH:5
end_of_record
TN:
SF:src/components/Text/Text.js
FN:6,(anonymous_0)
FNF:1
FNH:1
FNDA:80,(anonymous_0)
DA:6,2
DA:7,80
DA:8,80
DA:9,80
DA:10,80
DA:13,80
DA:14,80
DA:15,80
LF:8
LH:8
BRDA:6,0,0,0
BRDA:6,1,0,0
BRDA:9,2,0,80
BRDA:9,2,1,76
BRDA:10,3,0,4
BRDA:10,3,1,76
BRDA:11,4,0,4
BRDA:11,4,1,0
BRDA:13,5,0,80
BRDA:13,5,1,66
BRDA:15,6,0,80
BRDA:15,6,1,20
BRDA:15,7,0,80
BRDA:15,7,1,6
BRDA:15,8,0,80
BRDA:15,8,1,6
BRDA:15,9,0,80
BRDA:15,9,1,20
BRDA:15,10,0,80
BRDA:15,10,1,20
BRDA:15,10,2,14
BRF:21
BRH:18
end_of_record
TN:
SF:src/pages/Dashboard.js
FN:8,(anonymous_0)
FN:18,(anonymous_1)
FN:25,(anonymous_2)
FNF:3
FNH:2
FNDA:4,(anonymous_0)
FNDA:16,(anonymous_1)
FNDA:0,(anonymous_2)
DA:8,2
DA:9,4
DA:11,2
DA:13,2
DA:18,2
DA:19,16
DA:20,2
DA:21,14
DA:25,2
LF:9
LH:9
BRDA:18,0,0,2
BRDA:18,0,1,0
BRDA:19,1,0,2
BRDA:19,1,1,14
BRF:4
BRH:3
end_of_record
TN:
SF:src/providers/useThemeProvider.js
FN:4,(anonymous_0)
FN:5,(anonymous_1)
FN:8,(anonymous_2)
FNF:3
FNH:1
FNDA:102,(anonymous_0)
FNDA:0,(anonymous_1)
FNDA:0,(anonymous_2)
DA:3,2
DA:4,102
DA:5,2
DA:6,0
DA:7,0
DA:8,0
DA:9,0
DA:11,0
DA:17,0
LF:9
LH:3
BRF:0
BRH:0
end_of_record
TN:
SF:src/utils/theme.js
FN:1,(anonymous_0)
FNF:1
FNH:1
FNDA:22,(anonymous_0)
DA:1,22
LF:1
LH:1
BRDA:1,0,0,4
BRDA:1,0,1,18
BRF:2
BRH:2
end_of_record
